<?xml version="1.0" encoding="UTF-8"?>
<testng-results ignored="0" total="1" passed="1" failed="0" skipped="0">
  <reporter-output>
  </reporter-output>
  <suite started-at="2023-06-23T15:47:41 IST" name="Default suite" finished-at="2023-06-23T15:47:50 IST" duration-ms="8960">
    <groups>
    </groups>
    <test started-at="2023-06-23T15:47:41 IST" name="Default test" finished-at="2023-06-23T15:47:50 IST" duration-ms="8960">
      <class name="Sample.demo3">
        <test-method signature="TC1()[pri:0, instance:Sample.demo3@73e22a3d]" started-at="2023-06-23T15:47:41 IST" name="TC1" finished-at="2023-06-23T15:47:50 IST" duration-ms="8922" status="PASS">
          <reporter-output>
          </reporter-output>
        </test-method> <!-- TC1 -->
      </class> <!-- Sample.demo3 -->
    </test> <!-- Default test -->
  </suite> <!-- Default suite -->
</testng-results>
